{"C:\\Users\\uddes\\OneDrive\\Desktop\\Folders\\PROJECTS\\Coupons\\config\\applicableCoupons.js": {"path":"C:\\Users\\uddes\\OneDrive\\Desktop\\Folders\\PROJECTS\\Coupons\\config\\applicableCoupons.js","statementMap":{"0":{"start":{"line":1,"column":15},"end":{"line":1,"column":48}},"1":{"start":{"line":3,"column":29},"end":{"line":44,"column":1}},"2":{"start":{"line":4,"column":4},"end":{"line":43,"column":5}},"3":{"start":{"line":6,"column":22},"end":{"line":6,"column":32}},"4":{"start":{"line":7,"column":30},"end":{"line":10,"column":10}},"5":{"start":{"line":12,"column":34},"end":{"line":37,"column":10}},"6":{"start":{"line":13,"column":31},"end":{"line":13,"column":36}},"7":{"start":{"line":16,"column":12},"end":{"line":34,"column":13}},"8":{"start":{"line":17,"column":16},"end":{"line":17,"column":36}},"9":{"start":{"line":21,"column":17},"end":{"line":34,"column":13}},"10":{"start":{"line":22,"column":38},"end":{"line":22,"column":124}},"11":{"start":{"line":22,"column":62},"end":{"line":22,"column":123}},"12":{"start":{"line":23,"column":16},"end":{"line":25,"column":17}},"13":{"start":{"line":24,"column":20},"end":{"line":24,"column":40}},"14":{"start":{"line":29,"column":17},"end":{"line":34,"column":13}},"15":{"start":{"line":30,"column":32},"end":{"line":30,"column":118}},"16":{"start":{"line":30,"column":56},"end":{"line":30,"column":117}},"17":{"start":{"line":31,"column":16},"end":{"line":33,"column":17}},"18":{"start":{"line":32,"column":20},"end":{"line":32,"column":40}},"19":{"start":{"line":36,"column":12},"end":{"line":36,"column":32}},"20":{"start":{"line":39,"column":8},"end":{"line":39,"column":33}},"21":{"start":{"line":41,"column":8},"end":{"line":41,"column":75}},"22":{"start":{"line":42,"column":8},"end":{"line":42,"column":20}},"23":{"start":{"line":46,"column":0},"end":{"line":46,"column":38}}},"fnMap":{"0":{"name":"(anonymous_0)","decl":{"start":{"line":3,"column":29},"end":{"line":3,"column":30}},"loc":{"start":{"line":3,"column":45},"end":{"line":44,"column":1}},"line":3},"1":{"name":"(anonymous_1)","decl":{"start":{"line":12,"column":55},"end":{"line":12,"column":56}},"loc":{"start":{"line":12,"column":65},"end":{"line":37,"column":9}},"line":12},"2":{"name":"(anonymous_2)","decl":{"start":{"line":22,"column":54},"end":{"line":22,"column":55}},"loc":{"start":{"line":22,"column":62},"end":{"line":22,"column":123}},"line":22},"3":{"name":"(anonymous_3)","decl":{"start":{"line":30,"column":48},"end":{"line":30,"column":49}},"loc":{"start":{"line":30,"column":56},"end":{"line":30,"column":117}},"line":30}},"branchMap":{"0":{"loc":{"start":{"line":16,"column":12},"end":{"line":34,"column":13}},"type":"if","locations":[{"start":{"line":16,"column":12},"end":{"line":34,"column":13}},{"start":{"line":21,"column":17},"end":{"line":34,"column":13}}],"line":16},"1":{"loc":{"start":{"line":16,"column":16},"end":{"line":16,"column":83}},"type":"binary-expr","locations":[{"start":{"line":16,"column":16},"end":{"line":16,"column":46}},{"start":{"line":16,"column":50},"end":{"line":16,"column":83}}],"line":16},"2":{"loc":{"start":{"line":21,"column":17},"end":{"line":34,"column":13}},"type":"if","locations":[{"start":{"line":21,"column":17},"end":{"line":34,"column":13}},{"start":{"line":29,"column":17},"end":{"line":34,"column":13}}],"line":21},"3":{"loc":{"start":{"line":23,"column":16},"end":{"line":25,"column":17}},"type":"if","locations":[{"start":{"line":23,"column":16},"end":{"line":25,"column":17}},{"start":{},"end":{}}],"line":23},"4":{"loc":{"start":{"line":29,"column":17},"end":{"line":34,"column":13}},"type":"if","locations":[{"start":{"line":29,"column":17},"end":{"line":34,"column":13}},{"start":{},"end":{}}],"line":29},"5":{"loc":{"start":{"line":31,"column":16},"end":{"line":33,"column":17}},"type":"if","locations":[{"start":{"line":31,"column":16},"end":{"line":33,"column":17}},{"start":{},"end":{}}],"line":31},"6":{"loc":{"start":{"line":31,"column":20},"end":{"line":31,"column":69}},"type":"binary-expr","locations":[{"start":{"line":31,"column":20},"end":{"line":31,"column":27}},{"start":{"line":31,"column":31},"end":{"line":31,"column":69}}],"line":31}},"s":{"0":1,"1":1,"2":6,"3":6,"4":6,"5":5,"6":7,"7":7,"8":2,"9":5,"10":2,"11":2,"12":2,"13":2,"14":3,"15":2,"16":4,"17":2,"18":2,"19":7,"20":5,"21":1,"22":1,"23":1},"f":{"0":6,"1":7,"2":2,"3":4},"b":{"0":[2,5],"1":[7,3],"2":[2,3],"3":[2,0],"4":[2,1],"5":[2,0],"6":[2,2]},"_coverageSchema":"1a1c01bbd47fc00a2c39e90264f33305004495a9","hash":"ca2b74aa4228a98d3f4ac9df4055b8e293543aeb"}
,"C:\\Users\\uddes\\OneDrive\\Desktop\\Folders\\PROJECTS\\Coupons\\config\\discount.js": {"path":"C:\\Users\\uddes\\OneDrive\\Desktop\\Folders\\PROJECTS\\Coupons\\config\\discount.js","statementMap":{"0":{"start":{"line":1,"column":22},"end":{"line":31,"column":1}},"1":{"start":{"line":2,"column":17},"end":{"line":2,"column":18}},"2":{"start":{"line":4,"column":2},"end":{"line":28,"column":3}},"3":{"start":{"line":5,"column":4},"end":{"line":5,"column":57}},"4":{"start":{"line":6,"column":9},"end":{"line":28,"column":3}},"5":{"start":{"line":8,"column":20},"end":{"line":8,"column":106}},"6":{"start":{"line":8,"column":44},"end":{"line":8,"column":105}},"7":{"start":{"line":10,"column":4},"end":{"line":13,"column":5}},"8":{"start":{"line":12,"column":6},"end":{"line":12,"column":91}},"9":{"start":{"line":15,"column":9},"end":{"line":28,"column":3}},"10":{"start":{"line":16,"column":20},"end":{"line":16,"column":106}},"11":{"start":{"line":16,"column":44},"end":{"line":16,"column":105}},"12":{"start":{"line":17,"column":4},"end":{"line":27,"column":5}},"13":{"start":{"line":19,"column":24},"end":{"line":19,"column":73}},"14":{"start":{"line":22,"column":32},"end":{"line":22,"column":62}},"15":{"start":{"line":25,"column":6},"end":{"line":25,"column":61}},"16":{"start":{"line":30,"column":2},"end":{"line":30,"column":18}},"17":{"start":{"line":33,"column":0},"end":{"line":33,"column":31}}},"fnMap":{"0":{"name":"(anonymous_0)","decl":{"start":{"line":1,"column":22},"end":{"line":1,"column":23}},"loc":{"start":{"line":1,"column":40},"end":{"line":31,"column":1}},"line":1},"1":{"name":"(anonymous_1)","decl":{"start":{"line":8,"column":36},"end":{"line":8,"column":37}},"loc":{"start":{"line":8,"column":44},"end":{"line":8,"column":105}},"line":8},"2":{"name":"(anonymous_2)","decl":{"start":{"line":16,"column":36},"end":{"line":16,"column":37}},"loc":{"start":{"line":16,"column":44},"end":{"line":16,"column":105}},"line":16}},"branchMap":{"0":{"loc":{"start":{"line":4,"column":2},"end":{"line":28,"column":3}},"type":"if","locations":[{"start":{"line":4,"column":2},"end":{"line":28,"column":3}},{"start":{"line":6,"column":9},"end":{"line":28,"column":3}}],"line":4},"1":{"loc":{"start":{"line":4,"column":6},"end":{"line":4,"column":73}},"type":"binary-expr","locations":[{"start":{"line":4,"column":6},"end":{"line":4,"column":36}},{"start":{"line":4,"column":40},"end":{"line":4,"column":73}}],"line":4},"2":{"loc":{"start":{"line":6,"column":9},"end":{"line":28,"column":3}},"type":"if","locations":[{"start":{"line":6,"column":9},"end":{"line":28,"column":3}},{"start":{"line":15,"column":9},"end":{"line":28,"column":3}}],"line":6},"3":{"loc":{"start":{"line":10,"column":4},"end":{"line":13,"column":5}},"type":"if","locations":[{"start":{"line":10,"column":4},"end":{"line":13,"column":5}},{"start":{},"end":{}}],"line":10},"4":{"loc":{"start":{"line":15,"column":9},"end":{"line":28,"column":3}},"type":"if","locations":[{"start":{"line":15,"column":9},"end":{"line":28,"column":3}},{"start":{},"end":{}}],"line":15},"5":{"loc":{"start":{"line":17,"column":4},"end":{"line":27,"column":5}},"type":"if","locations":[{"start":{"line":17,"column":4},"end":{"line":27,"column":5}},{"start":{},"end":{}}],"line":17},"6":{"loc":{"start":{"line":17,"column":8},"end":{"line":17,"column":57}},"type":"binary-expr","locations":[{"start":{"line":17,"column":8},"end":{"line":17,"column":15}},{"start":{"line":17,"column":19},"end":{"line":17,"column":57}}],"line":17}},"s":{"0":1,"1":6,"2":6,"3":1,"4":5,"5":2,"6":2,"7":2,"8":1,"9":3,"10":2,"11":2,"12":2,"13":1,"14":1,"15":1,"16":6,"17":1},"f":{"0":6,"1":2,"2":2},"b":{"0":[1,5],"1":[6,2],"2":[2,3],"3":[1,1],"4":[2,1],"5":[1,1],"6":[2,2]},"_coverageSchema":"1a1c01bbd47fc00a2c39e90264f33305004495a9","hash":"fb4808df0f8b92b5d52aee9d31ea42f132bcd06f"}
,"C:\\Users\\uddes\\OneDrive\\Desktop\\Folders\\PROJECTS\\Coupons\\models\\coupon.model.js": {"path":"C:\\Users\\uddes\\OneDrive\\Desktop\\Folders\\PROJECTS\\Coupons\\models\\coupon.model.js","statementMap":{"0":{"start":{"line":1,"column":17},"end":{"line":1,"column":36}},"1":{"start":{"line":3,"column":21},"end":{"line":13,"column":24}},"2":{"start":{"line":15,"column":0},"end":{"line":15,"column":56}}},"fnMap":{},"branchMap":{},"s":{"0":1,"1":1,"2":1},"f":{},"b":{},"_coverageSchema":"1a1c01bbd47fc00a2c39e90264f33305004495a9","hash":"2b8d84af0736068115e60d46af37a2f424398198"}
}
