TN:
SF:config\applicableCoupons.js
FN:3,(anonymous_0)
FN:12,(anonymous_1)
FN:22,(anonymous_2)
FN:30,(anonymous_3)
FNF:4
FNH:4
FNDA:6,(anonymous_0)
FNDA:7,(anonymous_1)
FNDA:2,(anonymous_2)
FNDA:4,(anonymous_3)
DA:1,1
DA:3,1
DA:4,6
DA:6,6
DA:7,6
DA:12,5
DA:13,7
DA:16,7
DA:17,2
DA:21,5
DA:22,2
DA:23,2
DA:24,2
DA:29,3
DA:30,4
DA:31,2
DA:32,2
DA:36,7
DA:39,5
DA:41,1
DA:42,1
DA:46,1
LF:22
LH:22
BRDA:16,0,0,2
BRDA:16,0,1,5
BRDA:16,1,0,7
BRDA:16,1,1,3
BRDA:21,2,0,2
BRDA:21,2,1,3
BRDA:23,3,0,2
BRDA:23,3,1,0
BRDA:29,4,0,2
BRDA:29,4,1,1
BRDA:31,5,0,2
BRDA:31,5,1,0
BRDA:31,6,0,2
BRDA:31,6,1,2
BRF:14
BRH:12
end_of_record
TN:
SF:config\discount.js
FN:1,(anonymous_0)
FN:8,(anonymous_1)
FN:16,(anonymous_2)
FNF:3
FNH:3
FNDA:6,(anonymous_0)
FNDA:2,(anonymous_1)
FNDA:2,(anonymous_2)
DA:1,1
DA:2,6
DA:4,6
DA:5,1
DA:6,5
DA:8,2
DA:10,2
DA:12,1
DA:15,3
DA:16,2
DA:17,2
DA:19,1
DA:22,1
DA:25,1
DA:30,6
DA:33,1
LF:16
LH:16
BRDA:4,0,0,1
BRDA:4,0,1,5
BRDA:4,1,0,6
BRDA:4,1,1,2
BRDA:6,2,0,2
BRDA:6,2,1,3
BRDA:10,3,0,1
BRDA:10,3,1,1
BRDA:15,4,0,2
BRDA:15,4,1,1
BRDA:17,5,0,1
BRDA:17,5,1,1
BRDA:17,6,0,2
BRDA:17,6,1,2
BRF:14
BRH:14
end_of_record
TN:
SF:models\coupon.model.js
FNF:0
FNH:0
DA:1,1
DA:3,1
DA:15,1
LF:3
LH:3
BRF:0
BRH:0
end_of_record
